2024-11-12 18:20:19,253 - INFO - Starting script execution
2024-11-12 18:20:19,254 - INFO - Creating Shotgun session with script: hyo
2024-11-12 18:20:20,333 - INFO - Fetching software info for Unreal Engine Editor
2024-11-12 18:20:20,644 - INFO - Found software: Unreal Engine Editor
2024-11-12 18:20:20,644 - INFO - Fetching task info for task ID: 5849
2024-11-12 18:20:20,976 - INFO - Found uproject path: C:\Users\admin\Desktop\Project\pipe_test\pipe_test.uproject and movie pipeline config: /Game/Cinematics/Queue
2024-11-12 18:20:20,977 - INFO - Searching for .uasset files in C:/Users/admin/Desktop/Project/pipe_test/Content/Cinematics/Queue
2024-11-12 18:20:20,977 - INFO - Found .uasset: C:/Users/admin/Desktop/Project/pipe_test/Content/Cinematics/Queue\myRenderQueue.uasset
2024-11-12 18:20:20,977 - INFO - Found .uasset: C:/Users/admin/Desktop/Project/pipe_test/Content/Cinematics/Queue\test\myRenderQueue_2.uasset
2024-11-12 18:20:20,978 - INFO - Generated command: "C:\Program Files\Epic Games\UE_5.4\Engine\Binaries\Win64\UnrealEditor-Cmd.exe" "C:\Users\admin\Desktop\Project\pipe_test\pipe_test.uproject" -game -MoviePipelineConfig="/Game/Cinematics/Queue/myRenderQueue" -windowed -Log -StdOut -allowStdOutLogVerbosity -Unattended
2024-11-12 18:20:20,978 - INFO - **************************************************
2024-11-12 18:20:20,978 - INFO - Processing: C:/Users/admin/Desktop/Project/pipe_test/Content/Cinematics/Queue\myRenderQueue.uasset
2024-11-12 18:20:20,978 - INFO - Generated CMD: "C:\Program Files\Epic Games\UE_5.4\Engine\Binaries\Win64\UnrealEditor-Cmd.exe" "C:\Users\admin\Desktop\Project\pipe_test\pipe_test.uproject" -game -MoviePipelineConfig="/Game/Cinematics/Queue/myRenderQueue" -windowed -Log -StdOut -allowStdOutLogVerbosity -Unattended
2024-11-12 18:20:20,978 - INFO - Generated command: "C:\Program Files\Epic Games\UE_5.4\Engine\Binaries\Win64\UnrealEditor-Cmd.exe" "C:\Users\admin\Desktop\Project\pipe_test\pipe_test.uproject" -game -MoviePipelineConfig="/Game/Cinematics/Queue/myRenderQueue_2" -windowed -Log -StdOut -allowStdOutLogVerbosity -Unattended
2024-11-12 18:20:20,978 - INFO - **************************************************
2024-11-12 18:20:20,978 - INFO - Processing: C:/Users/admin/Desktop/Project/pipe_test/Content/Cinematics/Queue\test\myRenderQueue_2.uasset
2024-11-12 18:20:20,978 - INFO - Generated CMD: "C:\Program Files\Epic Games\UE_5.4\Engine\Binaries\Win64\UnrealEditor-Cmd.exe" "C:\Users\admin\Desktop\Project\pipe_test\pipe_test.uproject" -game -MoviePipelineConfig="/Game/Cinematics/Queue/myRenderQueue_2" -windowed -Log -StdOut -allowStdOutLogVerbosity -Unattended
2024-11-12 18:20:20,978 - INFO - Script execution finished
2024-11-12 18:21:40,185 - INFO - Starting script execution
2024-11-12 18:21:40,185 - INFO - Creating Shotgun session with script: hyo
2024-11-12 18:21:41,301 - INFO - Fetching software info for Unreal Engine Editor
2024-11-12 18:21:41,594 - INFO - Found software: Unreal Engine Editor
2024-11-12 18:21:41,594 - INFO - Fetching task info for task ID: 5849
2024-11-12 18:21:41,919 - INFO - Found uproject path: C:\Users\admin\Desktop\Project\pipe_test\pipe_test.uproject and movie pipeline config: /Game/Cinematics/Queue
2024-11-12 18:21:41,919 - INFO - Searching for .uasset files in C:/Users/admin/Desktop/Project/pipe_test/Content/Cinematics/Queue
2024-11-12 18:21:41,920 - INFO - Found .uasset: C:/Users/admin/Desktop/Project/pipe_test/Content/Cinematics/Queue\myRenderQueue.uasset
2024-11-12 18:21:41,920 - INFO - Found .uasset: C:/Users/admin/Desktop/Project/pipe_test/Content/Cinematics/Queue\test\myRenderQueue_2.uasset
2024-11-12 18:21:41,921 - ERROR - Error: Directory C:/Users/admin/Desktop/Project/pipe_test/Content/Cinematics/Queue does not exist.
2024-11-12 18:21:41,921 - INFO - Generated command: "C:\Program Files\Epic Games\UE_5.4\Engine\Binaries\Win64\UnrealEditor-Cmd.exe" "C:\Users\admin\Desktop\Project\pipe_test\pipe_test.uproject" -game -MoviePipelineConfig="/Game/Cinematics/Queue/myRenderQueue" -windowed -Log -StdOut -allowStdOutLogVerbosity -Unattended
2024-11-12 18:21:41,922 - INFO - **************************************************
2024-11-12 18:21:41,922 - INFO - Processing: C:/Users/admin/Desktop/Project/pipe_test/Content/Cinematics/Queue\myRenderQueue.uasset
2024-11-12 18:21:41,922 - INFO - Generated CMD: "C:\Program Files\Epic Games\UE_5.4\Engine\Binaries\Win64\UnrealEditor-Cmd.exe" "C:\Users\admin\Desktop\Project\pipe_test\pipe_test.uproject" -game -MoviePipelineConfig="/Game/Cinematics/Queue/myRenderQueue" -windowed -Log -StdOut -allowStdOutLogVerbosity -Unattended
2024-11-12 18:21:41,922 - INFO - Generated command: "C:\Program Files\Epic Games\UE_5.4\Engine\Binaries\Win64\UnrealEditor-Cmd.exe" "C:\Users\admin\Desktop\Project\pipe_test\pipe_test.uproject" -game -MoviePipelineConfig="/Game/Cinematics/Queue/myRenderQueue_2" -windowed -Log -StdOut -allowStdOutLogVerbosity -Unattended
2024-11-12 18:21:41,923 - INFO - **************************************************
2024-11-12 18:21:41,923 - INFO - Processing: C:/Users/admin/Desktop/Project/pipe_test/Content/Cinematics/Queue\test\myRenderQueue_2.uasset
2024-11-12 18:21:41,923 - INFO - Generated CMD: "C:\Program Files\Epic Games\UE_5.4\Engine\Binaries\Win64\UnrealEditor-Cmd.exe" "C:\Users\admin\Desktop\Project\pipe_test\pipe_test.uproject" -game -MoviePipelineConfig="/Game/Cinematics/Queue/myRenderQueue_2" -windowed -Log -StdOut -allowStdOutLogVerbosity -Unattended
2024-11-12 18:21:41,923 - INFO - Script execution finished
2024-11-12 18:22:29,972 - INFO - Starting script execution
2024-11-12 18:22:29,973 - INFO - Creating Shotgun session with script: hyo
2024-11-12 18:22:31,056 - INFO - Fetching software info for Unreal Engine Editor
2024-11-12 18:22:31,351 - INFO - Found software: Unreal Engine Editor
2024-11-12 18:22:31,351 - INFO - Fetching task info for task ID: 5849
2024-11-12 18:22:31,677 - INFO - Found uproject path: C:\Users\admin\Desktop\Project\pipe_test\pipe_test.uproject and movie pipeline config: /Game/Cinematics/Queue
2024-11-12 18:22:31,677 - INFO - Searching for .uasset files in C:/Users/admin/Desktop/Project/pipe_test/Content/Cinematics/Queue
2024-11-12 18:22:31,678 - INFO - Found .uasset: C:/Users/admin/Desktop/Project/pipe_test/Content/Cinematics/Queue\myRenderQueue.uasset
2024-11-12 18:22:31,678 - INFO - Found .uasset: C:/Users/admin/Desktop/Project/pipe_test/Content/Cinematics/Queue\test\myRenderQueue_2.uasset
2024-11-12 18:22:31,679 - ERROR - Error: Directory C:/Users/admin/Desktop/Project/pipe_test/Content/Cinematics/Queue does not exist.
2024-11-12 18:22:31,679 - INFO - Generated command: "C:\Program Files\Epic Games\UE_5.4\Engine\Binaries\Win64\UnrealEditor-Cmd.exe" "C:\Users\admin\Desktop\Project\pipe_test\pipe_test.uproject" -game -MoviePipelineConfig="/Game/Cinematics/Queue\myRenderQueue.uasset/myRenderQueue" -windowed -Log -StdOut -allowStdOutLogVerbosity -Unattended
2024-11-12 18:22:31,680 - INFO - **************************************************
2024-11-12 18:22:31,680 - INFO - Processing: C:/Users/admin/Desktop/Project/pipe_test/Content/Cinematics/Queue\myRenderQueue.uasset
2024-11-12 18:22:31,680 - INFO - Generated CMD: "C:\Program Files\Epic Games\UE_5.4\Engine\Binaries\Win64\UnrealEditor-Cmd.exe" "C:\Users\admin\Desktop\Project\pipe_test\pipe_test.uproject" -game -MoviePipelineConfig="/Game/Cinematics/Queue\myRenderQueue.uasset/myRenderQueue" -windowed -Log -StdOut -allowStdOutLogVerbosity -Unattended
2024-11-12 18:22:31,680 - INFO - Generated command: "C:\Program Files\Epic Games\UE_5.4\Engine\Binaries\Win64\UnrealEditor-Cmd.exe" "C:\Users\admin\Desktop\Project\pipe_test\pipe_test.uproject" -game -MoviePipelineConfig="/Game/Cinematics/Queue\test\myRenderQueue_2.uasset/myRenderQueue_2" -windowed -Log -StdOut -allowStdOutLogVerbosity -Unattended
2024-11-12 18:22:31,681 - INFO - **************************************************
2024-11-12 18:22:31,681 - INFO - Processing: C:/Users/admin/Desktop/Project/pipe_test/Content/Cinematics/Queue\test\myRenderQueue_2.uasset
2024-11-12 18:22:31,681 - INFO - Generated CMD: "C:\Program Files\Epic Games\UE_5.4\Engine\Binaries\Win64\UnrealEditor-Cmd.exe" "C:\Users\admin\Desktop\Project\pipe_test\pipe_test.uproject" -game -MoviePipelineConfig="/Game/Cinematics/Queue\test\myRenderQueue_2.uasset/myRenderQueue_2" -windowed -Log -StdOut -allowStdOutLogVerbosity -Unattended
2024-11-12 18:22:31,681 - INFO - Script execution finished
2024-11-12 18:22:44,627 - INFO - Starting script execution
2024-11-12 18:22:44,628 - INFO - Creating Shotgun session with script: hyo
2024-11-12 18:22:45,717 - INFO - Fetching software info for Unreal Engine Editor
2024-11-12 18:22:46,056 - INFO - Found software: Unreal Engine Editor
2024-11-12 18:22:46,057 - INFO - Fetching task info for task ID: 5849
2024-11-12 18:22:46,361 - INFO - Found uproject path: C:\Users\admin\Desktop\Project\pipe_test\pipe_test.uproject and movie pipeline config: /Game/Cinematics/Queue
2024-11-12 18:22:46,361 - INFO - Searching for .uasset files in C:/Users/admin/Desktop/Project/pipe_test/Content/Cinematics/Queue
2024-11-12 18:22:46,361 - INFO - Found .uasset: C:/Users/admin/Desktop/Project/pipe_test/Content/Cinematics/Queue\myRenderQueue.uasset
2024-11-12 18:22:46,361 - INFO - Found .uasset: C:/Users/admin/Desktop/Project/pipe_test/Content/Cinematics/Queue\test\myRenderQueue_2.uasset
2024-11-12 18:22:46,363 - ERROR - Error: Directory C:/Users/admin/Desktop/Project/pipe_test/Content/Cinematics/Queue does not exist.
2024-11-12 18:22:46,363 - INFO - Generated command: "C:\Program Files\Epic Games\UE_5.4\Engine\Binaries\Win64\UnrealEditor-Cmd.exe" "C:\Users\admin\Desktop\Project\pipe_test\pipe_test.uproject" -game -MoviePipelineConfig="/Game/Cinematics/Queue\myRenderQueue.uasset/myRenderQueue" -windowed -Log -StdOut -allowStdOutLogVerbosity -Unattended
2024-11-12 18:22:46,364 - INFO - **************************************************
2024-11-12 18:22:46,364 - INFO - Processing: C:/Users/admin/Desktop/Project/pipe_test/Content/Cinematics/Queue\myRenderQueue.uasset
2024-11-12 18:22:46,364 - INFO - Generated CMD: "C:\Program Files\Epic Games\UE_5.4\Engine\Binaries\Win64\UnrealEditor-Cmd.exe" "C:\Users\admin\Desktop\Project\pipe_test\pipe_test.uproject" -game -MoviePipelineConfig="/Game/Cinematics/Queue\myRenderQueue.uasset/myRenderQueue" -windowed -Log -StdOut -allowStdOutLogVerbosity -Unattended
2024-11-12 18:22:46,364 - INFO - Generated command: "C:\Program Files\Epic Games\UE_5.4\Engine\Binaries\Win64\UnrealEditor-Cmd.exe" "C:\Users\admin\Desktop\Project\pipe_test\pipe_test.uproject" -game -MoviePipelineConfig="/Game/Cinematics/Queue\test\myRenderQueue_2.uasset/myRenderQueue_2" -windowed -Log -StdOut -allowStdOutLogVerbosity -Unattended
2024-11-12 18:22:46,364 - INFO - **************************************************
2024-11-12 18:22:46,364 - INFO - Processing: C:/Users/admin/Desktop/Project/pipe_test/Content/Cinematics/Queue\test\myRenderQueue_2.uasset
2024-11-12 18:22:46,365 - INFO - Generated CMD: "C:\Program Files\Epic Games\UE_5.4\Engine\Binaries\Win64\UnrealEditor-Cmd.exe" "C:\Users\admin\Desktop\Project\pipe_test\pipe_test.uproject" -game -MoviePipelineConfig="/Game/Cinematics/Queue\test\myRenderQueue_2.uasset/myRenderQueue_2" -windowed -Log -StdOut -allowStdOutLogVerbosity -Unattended
2024-11-12 18:22:46,365 - INFO - Script execution finished
2024-11-12 18:25:46,863 - INFO - Starting script execution
2024-11-12 18:25:46,863 - INFO - Creating Shotgun session with script: hyo
2024-11-12 18:25:47,920 - INFO - Fetching software info for Unreal Engine Editor
2024-11-12 18:25:48,204 - INFO - Found software: Unreal Engine Editor
2024-11-12 18:25:48,204 - INFO - Fetching task info for task ID: 5849
2024-11-12 18:25:48,547 - INFO - Found uproject path: C:\Users\admin\Desktop\Project\pipe_test\pipe_test.uproject and movie pipeline config: /Game/Cinematics/Queue
2024-11-12 18:25:48,547 - INFO - Searching for .uasset files in C:/Users/admin/Desktop/Project/pipe_test/Content/Cinematics/Queue
2024-11-12 18:25:48,548 - INFO - Found .uasset: C:/Users/admin/Desktop/Project/pipe_test/Content/Cinematics/Queue\myRenderQueue.uasset
2024-11-12 18:25:48,548 - INFO - Found .uasset: C:/Users/admin/Desktop/Project/pipe_test/Content/Cinematics/Queue\test\myRenderQueue_2.uasset
2024-11-12 18:25:48,549 - ERROR - Error: Directory C:/Users/admin/Desktop/Project/pipe_test/Content/Cinematics/Queue does not exist.
2024-11-12 18:25:48,549 - INFO - Generated command: "C:\Program Files\Epic Games\UE_5.4\Engine\Binaries\Win64\UnrealEditor-Cmd.exe" "C:\Users\admin\Desktop\Project\pipe_test\pipe_test.uproject" -game -MoviePipelineConfig="/Game/Cinematics/Queue\myRenderQueue.uasset" -windowed -Log -StdOut -allowStdOutLogVerbosity -Unattended
2024-11-12 18:25:48,549 - INFO - **************************************************
2024-11-12 18:25:48,550 - INFO - Processing: C:/Users/admin/Desktop/Project/pipe_test/Content/Cinematics/Queue\myRenderQueue.uasset
2024-11-12 18:25:48,550 - INFO - Generated CMD: "C:\Program Files\Epic Games\UE_5.4\Engine\Binaries\Win64\UnrealEditor-Cmd.exe" "C:\Users\admin\Desktop\Project\pipe_test\pipe_test.uproject" -game -MoviePipelineConfig="/Game/Cinematics/Queue\myRenderQueue.uasset" -windowed -Log -StdOut -allowStdOutLogVerbosity -Unattended
2024-11-12 18:25:48,550 - INFO - Generated command: "C:\Program Files\Epic Games\UE_5.4\Engine\Binaries\Win64\UnrealEditor-Cmd.exe" "C:\Users\admin\Desktop\Project\pipe_test\pipe_test.uproject" -game -MoviePipelineConfig="/Game/Cinematics/Queue\test\myRenderQueue_2.uasset" -windowed -Log -StdOut -allowStdOutLogVerbosity -Unattended
2024-11-12 18:25:48,550 - INFO - **************************************************
2024-11-12 18:25:48,550 - INFO - Processing: C:/Users/admin/Desktop/Project/pipe_test/Content/Cinematics/Queue\test\myRenderQueue_2.uasset
2024-11-12 18:25:48,550 - INFO - Generated CMD: "C:\Program Files\Epic Games\UE_5.4\Engine\Binaries\Win64\UnrealEditor-Cmd.exe" "C:\Users\admin\Desktop\Project\pipe_test\pipe_test.uproject" -game -MoviePipelineConfig="/Game/Cinematics/Queue\test\myRenderQueue_2.uasset" -windowed -Log -StdOut -allowStdOutLogVerbosity -Unattended
2024-11-12 18:25:48,550 - INFO - Script execution finished
2024-11-12 18:26:12,431 - INFO - Starting script execution
2024-11-12 18:26:12,431 - INFO - Creating Shotgun session with script: hyo
2024-11-12 18:26:13,524 - INFO - Fetching software info for Unreal Engine Editor
2024-11-12 18:26:13,822 - INFO - Found software: Unreal Engine Editor
2024-11-12 18:26:13,822 - INFO - Fetching task info for task ID: 5849
2024-11-12 18:26:14,133 - INFO - Found uproject path: C:\Users\admin\Desktop\Project\pipe_test\pipe_test.uproject and movie pipeline config: /Game/Cinematics/Queue
2024-11-12 18:26:14,134 - INFO - Searching for .uasset files in C:/Users/admin/Desktop/Project/pipe_test/Content/Cinematics/Queue
2024-11-12 18:26:14,134 - INFO - Found .uasset: C:/Users/admin/Desktop/Project/pipe_test/Content/Cinematics/Queue\myRenderQueue.uasset
2024-11-12 18:26:14,134 - INFO - Found .uasset: C:/Users/admin/Desktop/Project/pipe_test/Content/Cinematics/Queue\test\myRenderQueue_2.uasset
2024-11-12 18:26:14,135 - ERROR - Error: Directory C:/Users/admin/Desktop/Project/pipe_test/Content/Cinematics/Queue does not exist.
2024-11-12 18:26:14,135 - INFO - Generated command: "C:\Program Files\Epic Games\UE_5.4\Engine\Binaries\Win64\UnrealEditor-Cmd.exe" "C:\Users\admin\Desktop\Project\pipe_test\pipe_test.uproject" -game -MoviePipelineConfig="/Game/Cinematics/Queue\myRenderQueue.uasset" -windowed -Log -StdOut -allowStdOutLogVerbosity -Unattended
2024-11-12 18:26:14,136 - INFO - **************************************************
2024-11-12 18:26:14,136 - INFO - Processing: C:/Users/admin/Desktop/Project/pipe_test/Content/Cinematics/Queue\myRenderQueue.uasset
2024-11-12 18:26:14,136 - INFO - Generated CMD: "C:\Program Files\Epic Games\UE_5.4\Engine\Binaries\Win64\UnrealEditor-Cmd.exe" "C:\Users\admin\Desktop\Project\pipe_test\pipe_test.uproject" -game -MoviePipelineConfig="/Game/Cinematics/Queue\myRenderQueue.uasset" -windowed -Log -StdOut -allowStdOutLogVerbosity -Unattended
2024-11-12 18:26:14,136 - INFO - Generated command: "C:\Program Files\Epic Games\UE_5.4\Engine\Binaries\Win64\UnrealEditor-Cmd.exe" "C:\Users\admin\Desktop\Project\pipe_test\pipe_test.uproject" -game -MoviePipelineConfig="/Game/Cinematics/Queue\test\myRenderQueue_2.uasset" -windowed -Log -StdOut -allowStdOutLogVerbosity -Unattended
2024-11-12 18:26:14,137 - INFO - **************************************************
2024-11-12 18:26:14,137 - INFO - Processing: C:/Users/admin/Desktop/Project/pipe_test/Content/Cinematics/Queue\test\myRenderQueue_2.uasset
2024-11-12 18:26:14,137 - INFO - Generated CMD: "C:\Program Files\Epic Games\UE_5.4\Engine\Binaries\Win64\UnrealEditor-Cmd.exe" "C:\Users\admin\Desktop\Project\pipe_test\pipe_test.uproject" -game -MoviePipelineConfig="/Game/Cinematics/Queue\test\myRenderQueue_2.uasset" -windowed -Log -StdOut -allowStdOutLogVerbosity -Unattended
2024-11-12 18:26:14,137 - INFO - Script execution finished
2024-11-12 18:28:20,310 - INFO - Starting script execution
2024-11-12 18:28:20,311 - INFO - Creating Shotgun session with script: hyo
2024-11-12 18:28:21,394 - INFO - Fetching software info for Unreal Engine Editor
2024-11-12 18:28:21,681 - INFO - Found software: Unreal Engine Editor
2024-11-12 18:28:21,682 - INFO - Fetching task info for task ID: 5849
2024-11-12 18:28:22,451 - INFO - Found uproject path: C:\Users\admin\Desktop\Project\pipe_test\pipe_test.uproject and movie pipeline config: /Game/Cinematics/Queue
2024-11-12 18:28:22,451 - INFO - Searching for .uasset files in C:/Users/admin/Desktop/Project/pipe_test/Content/Cinematics/Queue
2024-11-12 18:28:22,451 - INFO - Found .uasset: C:/Users/admin/Desktop/Project/pipe_test/Content/Cinematics/Queue\myRenderQueue.uasset
2024-11-12 18:28:22,451 - INFO - Found .uasset: C:/Users/admin/Desktop/Project/pipe_test/Content/Cinematics/Queue\test\myRenderQueue_2.uasset
2024-11-12 18:28:22,453 - ERROR - Error: Directory C:/Users/admin/Desktop/Project/pipe_test/Content/Cinematics/Queue does not exist.
2024-11-12 18:28:22,453 - INFO - Generated command: "C:\Program Files\Epic Games\UE_5.4\Engine\Binaries\Win64\UnrealEditor-Cmd.exe" "C:\Users\admin\Desktop\Project\pipe_test\pipe_test.uproject" -game -MoviePipelineConfig="/Game/Cinematics/Queue\myRenderQueue" -windowed -Log -StdOut -allowStdOutLogVerbosity -Unattended
2024-11-12 18:28:22,454 - INFO - **************************************************
2024-11-12 18:28:22,454 - INFO - Processing: C:/Users/admin/Desktop/Project/pipe_test/Content/Cinematics/Queue\myRenderQueue.uasset
2024-11-12 18:28:22,454 - INFO - Generated CMD: "C:\Program Files\Epic Games\UE_5.4\Engine\Binaries\Win64\UnrealEditor-Cmd.exe" "C:\Users\admin\Desktop\Project\pipe_test\pipe_test.uproject" -game -MoviePipelineConfig="/Game/Cinematics/Queue\myRenderQueue" -windowed -Log -StdOut -allowStdOutLogVerbosity -Unattended
2024-11-12 18:28:22,454 - INFO - Generated command: "C:\Program Files\Epic Games\UE_5.4\Engine\Binaries\Win64\UnrealEditor-Cmd.exe" "C:\Users\admin\Desktop\Project\pipe_test\pipe_test.uproject" -game -MoviePipelineConfig="/Game/Cinematics/Queue\test\myRenderQueue_2" -windowed -Log -StdOut -allowStdOutLogVerbosity -Unattended
2024-11-12 18:28:22,455 - INFO - **************************************************
2024-11-12 18:28:22,455 - INFO - Processing: C:/Users/admin/Desktop/Project/pipe_test/Content/Cinematics/Queue\test\myRenderQueue_2.uasset
2024-11-12 18:28:22,455 - INFO - Generated CMD: "C:\Program Files\Epic Games\UE_5.4\Engine\Binaries\Win64\UnrealEditor-Cmd.exe" "C:\Users\admin\Desktop\Project\pipe_test\pipe_test.uproject" -game -MoviePipelineConfig="/Game/Cinematics/Queue\test\myRenderQueue_2" -windowed -Log -StdOut -allowStdOutLogVerbosity -Unattended
2024-11-12 18:28:22,455 - INFO - Script execution finished
2024-11-12 18:30:11,028 - INFO - Starting script execution
2024-11-12 18:30:11,028 - INFO - Creating Shotgun session with script: hyo
2024-11-12 18:30:12,126 - INFO - Fetching software info for Unreal Engine Editor
2024-11-12 18:30:12,458 - INFO - Found software: Unreal Engine Editor
2024-11-12 18:30:12,458 - INFO - Fetching task info for task ID: 5849
2024-11-12 18:30:12,799 - INFO - Found uproject path: C:\Users\admin\Desktop\Project\pipe_test\pipe_test.uproject and movie pipeline config: /Game/Cinematics/Queue
2024-11-12 18:30:12,800 - INFO - Searching for .uasset files in C:/Users/admin/Desktop/Project/pipe_test/Content/Cinematics/Queue
2024-11-12 18:30:12,800 - INFO - Found .uasset: C:/Users/admin/Desktop/Project/pipe_test/Content/Cinematics/Queue\myRenderQueue.uasset
2024-11-12 18:30:12,800 - INFO - Found .uasset: C:/Users/admin/Desktop/Project/pipe_test/Content/Cinematics/Queue\test\myRenderQueue_2.uasset
2024-11-12 18:30:12,801 - ERROR - Error: Directory C:/Users/admin/Desktop/Project/pipe_test/Content/Cinematics/Queue does not exist.
2024-11-12 18:30:12,801 - INFO - Generated command: "C:\Program Files\Epic Games\UE_5.4\Engine\Binaries\Win64\UnrealEditor-Cmd.exe" "C:\Users\admin\Desktop\Project\pipe_test\pipe_test.uproject" -game -MoviePipelineConfig="/Game/Cinematics/Queue\myRenderQueue" -windowed -Log -StdOut -allowStdOutLogVerbosity -Unattended
2024-11-12 18:30:12,802 - INFO - **************************************************
2024-11-12 18:30:12,802 - INFO - Processing: C:/Users/admin/Desktop/Project/pipe_test/Content/Cinematics/Queue\myRenderQueue.uasset
2024-11-12 18:30:12,802 - INFO - Generated CMD: "C:\Program Files\Epic Games\UE_5.4\Engine\Binaries\Win64\UnrealEditor-Cmd.exe" "C:\Users\admin\Desktop\Project\pipe_test\pipe_test.uproject" -game -MoviePipelineConfig="/Game/Cinematics/Queue\myRenderQueue" -windowed -Log -StdOut -allowStdOutLogVerbosity -Unattended
2024-11-12 18:30:12,802 - INFO - Generated command: "C:\Program Files\Epic Games\UE_5.4\Engine\Binaries\Win64\UnrealEditor-Cmd.exe" "C:\Users\admin\Desktop\Project\pipe_test\pipe_test.uproject" -game -MoviePipelineConfig="/Game/Cinematics/Queue\test\myRenderQueue_2" -windowed -Log -StdOut -allowStdOutLogVerbosity -Unattended
2024-11-12 18:30:12,803 - INFO - **************************************************
2024-11-12 18:30:12,803 - INFO - Processing: C:/Users/admin/Desktop/Project/pipe_test/Content/Cinematics/Queue\test\myRenderQueue_2.uasset
2024-11-12 18:30:12,803 - INFO - Generated CMD: "C:\Program Files\Epic Games\UE_5.4\Engine\Binaries\Win64\UnrealEditor-Cmd.exe" "C:\Users\admin\Desktop\Project\pipe_test\pipe_test.uproject" -game -MoviePipelineConfig="/Game/Cinematics/Queue\test\myRenderQueue_2" -windowed -Log -StdOut -allowStdOutLogVerbosity -Unattended
2024-11-12 18:30:12,803 - INFO - Script execution finished
2024-11-12 18:30:49,732 - INFO - Starting script execution
2024-11-12 18:30:49,733 - INFO - Creating Shotgun session with script: hyo
2024-11-12 18:30:50,838 - INFO - Fetching software info for Unreal Engine Editor
2024-11-12 18:30:51,154 - INFO - Found software: Unreal Engine Editor
2024-11-12 18:30:51,154 - INFO - Fetching task info for task ID: 5849
2024-11-12 18:30:51,527 - INFO - Found uproject path: C:\Users\admin\Desktop\Project\pipe_test\pipe_test.uproject and movie pipeline config: /Game/Cinematics/Queue
2024-11-12 18:30:51,527 - INFO - Searching for .uasset files in C:/Users/admin/Desktop/Project/pipe_test/Content/Cinematics/Queue
2024-11-12 18:30:51,527 - INFO - Found .uasset: C:/Users/admin/Desktop/Project/pipe_test/Content/Cinematics/Queue\myRenderQueue.uasset
2024-11-12 18:30:51,528 - INFO - Found .uasset: C:/Users/admin/Desktop/Project/pipe_test/Content/Cinematics/Queue\test\myRenderQueue_2.uasset
2024-11-12 18:30:51,529 - ERROR - Error: Directory C:/Users/admin/Desktop/Project/pipe_test/Content/Cinematics/Queue does not exist.
2024-11-12 18:30:51,529 - INFO - Generated command: "C:\Program Files\Epic Games\UE_5.4\Engine\Binaries\Win64\UnrealEditor-Cmd.exe" "C:\Users\admin\Desktop\Project\pipe_test\pipe_test.uproject" -game -MoviePipelineConfig="/Game/Cinematics/Queue\myRenderQueue" -windowed -Log -StdOut -allowStdOutLogVerbosity -Unattended
2024-11-12 18:30:51,530 - INFO - **************************************************
2024-11-12 18:30:51,530 - INFO - Processing: C:/Users/admin/Desktop/Project/pipe_test/Content/Cinematics/Queue\myRenderQueue.uasset
2024-11-12 18:30:51,530 - INFO - Generated CMD: "C:\Program Files\Epic Games\UE_5.4\Engine\Binaries\Win64\UnrealEditor-Cmd.exe" "C:\Users\admin\Desktop\Project\pipe_test\pipe_test.uproject" -game -MoviePipelineConfig="/Game/Cinematics/Queue\myRenderQueue" -windowed -Log -StdOut -allowStdOutLogVerbosity -Unattended
2024-11-12 18:30:51,531 - INFO - Executing command: "C:\Program Files\Epic Games\UE_5.4\Engine\Binaries\Win64\UnrealEditor-Cmd.exe" "C:\Users\admin\Desktop\Project\pipe_test\pipe_test.uproject" -game -MoviePipelineConfig="/Game/Cinematics/Queue\myRenderQueue" -windowed -Log -StdOut -allowStdOutLogVerbosity -Unattended
2024-11-12 18:31:05,059 - ERROR - Error occurred while executing the command: "C:\Program Files\Epic Games\UE_5.4\Engine\Binaries\Win64\UnrealEditor-Cmd.exe" "C:\Users\admin\Desktop\Project\pipe_test\pipe_test.uproject" -game -MoviePipelineConfig="/Game/Cinematics/Queue\myRenderQueue" -windowed -Log -StdOut -allowStdOutLogVerbosity -Unattended
2024-11-12 18:31:05,059 - ERROR - Return code: 3
2024-11-12 18:31:05,059 - ERROR - Output:
2024-11-12 18:31:05,059 - ERROR - None
2024-11-12 18:31:05,061 - INFO - Generated command: "C:\Program Files\Epic Games\UE_5.4\Engine\Binaries\Win64\UnrealEditor-Cmd.exe" "C:\Users\admin\Desktop\Project\pipe_test\pipe_test.uproject" -game -MoviePipelineConfig="/Game/Cinematics/Queue\test\myRenderQueue_2" -windowed -Log -StdOut -allowStdOutLogVerbosity -Unattended
2024-11-12 18:31:05,062 - INFO - **************************************************
2024-11-12 18:31:05,062 - INFO - Processing: C:/Users/admin/Desktop/Project/pipe_test/Content/Cinematics/Queue\test\myRenderQueue_2.uasset
2024-11-12 18:31:05,062 - INFO - Generated CMD: "C:\Program Files\Epic Games\UE_5.4\Engine\Binaries\Win64\UnrealEditor-Cmd.exe" "C:\Users\admin\Desktop\Project\pipe_test\pipe_test.uproject" -game -MoviePipelineConfig="/Game/Cinematics/Queue\test\myRenderQueue_2" -windowed -Log -StdOut -allowStdOutLogVerbosity -Unattended
2024-11-12 18:31:05,063 - INFO - Executing command: "C:\Program Files\Epic Games\UE_5.4\Engine\Binaries\Win64\UnrealEditor-Cmd.exe" "C:\Users\admin\Desktop\Project\pipe_test\pipe_test.uproject" -game -MoviePipelineConfig="/Game/Cinematics/Queue\test\myRenderQueue_2" -windowed -Log -StdOut -allowStdOutLogVerbosity -Unattended
2024-11-12 18:31:20,431 - INFO - Starting script execution
2024-11-12 18:31:20,431 - INFO - Creating Shotgun session with script: hyo
2024-11-12 18:31:21,491 - INFO - Fetching software info for Unreal Engine Editor
2024-11-12 18:31:21,810 - INFO - Found software: Unreal Engine Editor
2024-11-12 18:31:21,811 - INFO - Fetching task info for task ID: 5849
2024-11-12 18:31:22,121 - INFO - Found uproject path: C:\Users\admin\Desktop\Project\pipe_test\pipe_test.uproject and movie pipeline config: /Game/Cinematics/Queue
2024-11-12 18:31:22,122 - INFO - Searching for .uasset files in C:/Users/admin/Desktop/Project/pipe_test/Content/Cinematics/Queue
2024-11-12 18:31:22,122 - INFO - Found .uasset: C:/Users/admin/Desktop/Project/pipe_test/Content/Cinematics/Queue\myRenderQueue.uasset
2024-11-12 18:31:22,122 - INFO - Found .uasset: C:/Users/admin/Desktop/Project/pipe_test/Content/Cinematics/Queue\test\myRenderQueue_2.uasset
2024-11-12 18:31:22,123 - ERROR - Error: Directory C:/Users/admin/Desktop/Project/pipe_test/Content/Cinematics/Queue does not exist.
2024-11-12 18:31:22,124 - INFO - Generated command: "C:\Program Files\Epic Games\UE_5.4\Engine\Binaries\Win64\UnrealEditor-Cmd.exe" "C:\Users\admin\Desktop\Project\pipe_test\pipe_test.uproject" -game -MoviePipelineConfig="/Game/Cinematics/Queue\myRenderQueue" -windowed -Log -StdOut -allowStdOutLogVerbosity -Unattended
2024-11-12 18:31:22,124 - INFO - **************************************************
2024-11-12 18:31:22,124 - INFO - Processing: C:/Users/admin/Desktop/Project/pipe_test/Content/Cinematics/Queue\myRenderQueue.uasset
2024-11-12 18:31:22,124 - INFO - Generated CMD: "C:\Program Files\Epic Games\UE_5.4\Engine\Binaries\Win64\UnrealEditor-Cmd.exe" "C:\Users\admin\Desktop\Project\pipe_test\pipe_test.uproject" -game -MoviePipelineConfig="/Game/Cinematics/Queue\myRenderQueue" -windowed -Log -StdOut -allowStdOutLogVerbosity -Unattended
2024-11-12 18:31:22,125 - INFO - Generated command: "C:\Program Files\Epic Games\UE_5.4\Engine\Binaries\Win64\UnrealEditor-Cmd.exe" "C:\Users\admin\Desktop\Project\pipe_test\pipe_test.uproject" -game -MoviePipelineConfig="/Game/Cinematics/Queue\test\myRenderQueue_2" -windowed -Log -StdOut -allowStdOutLogVerbosity -Unattended
2024-11-12 18:31:22,126 - INFO - **************************************************
2024-11-12 18:31:22,126 - INFO - Processing: C:/Users/admin/Desktop/Project/pipe_test/Content/Cinematics/Queue\test\myRenderQueue_2.uasset
2024-11-12 18:31:22,126 - INFO - Generated CMD: "C:\Program Files\Epic Games\UE_5.4\Engine\Binaries\Win64\UnrealEditor-Cmd.exe" "C:\Users\admin\Desktop\Project\pipe_test\pipe_test.uproject" -game -MoviePipelineConfig="/Game/Cinematics/Queue\test\myRenderQueue_2" -windowed -Log -StdOut -allowStdOutLogVerbosity -Unattended
2024-11-12 18:31:22,126 - INFO - Script execution finished
2024-11-12 18:34:24,535 - INFO - Starting script execution
2024-11-12 18:34:24,536 - INFO - Creating Shotgun session with script: hyo
2024-11-12 18:34:25,642 - INFO - Fetching software info for Unreal Engine Editor
2024-11-12 18:34:25,935 - INFO - Found software: Unreal Engine Editor
2024-11-12 18:34:25,935 - INFO - Fetching task info for task ID: 5849
2024-11-12 18:34:26,241 - INFO - Found uproject path: C:\Users\admin\Desktop\Project\pipe_test\pipe_test.uproject and movie pipeline config: /Game/Cinematics/Queue
2024-11-12 18:34:26,241 - INFO - Searching for .uasset files in C:/Users/admin/Desktop/Project/pipe_test/Content/Cinematics/Queue
2024-11-12 18:34:26,241 - INFO - Found .uasset: C:/Users/admin/Desktop/Project/pipe_test/Content/Cinematics/Queue\myRenderQueue.uasset
2024-11-12 18:34:26,242 - INFO - Found .uasset: C:/Users/admin/Desktop/Project/pipe_test/Content/Cinematics/Queue\test\myRenderQueue_2.uasset
2024-11-12 18:34:26,243 - ERROR - Error: Directory C:/Users/admin/Desktop/Project/pipe_test/Content/Cinematics/Queue does not exist.
2024-11-12 18:34:26,243 - INFO - Generated command: "C:\Program Files\Epic Games\UE_5.4\Engine\Binaries\Win64\UnrealEditor-Cmd.exe" "C:\Users\admin\Desktop\Project\pipe_test\pipe_test.uproject" -game -MoviePipelineConfig="/Game/Cinematics/Queue\myRenderQueue" -windowed -Log -StdOut -allowStdOutLogVerbosity -Unattended
2024-11-12 18:34:26,244 - INFO - **************************************************
2024-11-12 18:34:26,244 - INFO - Processing: C:/Users/admin/Desktop/Project/pipe_test/Content/Cinematics/Queue\myRenderQueue.uasset
2024-11-12 18:34:26,244 - INFO - Generated CMD: "C:\Program Files\Epic Games\UE_5.4\Engine\Binaries\Win64\UnrealEditor-Cmd.exe" "C:\Users\admin\Desktop\Project\pipe_test\pipe_test.uproject" -game -MoviePipelineConfig="/Game/Cinematics/Queue\myRenderQueue" -windowed -Log -StdOut -allowStdOutLogVerbosity -Unattended
2024-11-12 18:34:26,244 - INFO - Executing command: "C:\Program Files\Epic Games\UE_5.4\Engine\Binaries\Win64\UnrealEditor-Cmd.exe" "C:\Users\admin\Desktop\Project\pipe_test\pipe_test.uproject" -game -MoviePipelineConfig="/Game/Cinematics/Queue\myRenderQueue" -windowed -Log -StdOut -allowStdOutLogVerbosity -Unattended
2024-11-12 18:34:39,455 - ERROR - Error occurred while executing the command: "C:\Program Files\Epic Games\UE_5.4\Engine\Binaries\Win64\UnrealEditor-Cmd.exe" "C:\Users\admin\Desktop\Project\pipe_test\pipe_test.uproject" -game -MoviePipelineConfig="/Game/Cinematics/Queue\myRenderQueue" -windowed -Log -StdOut -allowStdOutLogVerbosity -Unattended
2024-11-12 18:34:39,455 - ERROR - Return code: 3
2024-11-12 18:34:39,455 - ERROR - Output:
2024-11-12 18:34:39,455 - ERROR - None
2024-11-12 18:34:39,458 - INFO - Generated command: "C:\Program Files\Epic Games\UE_5.4\Engine\Binaries\Win64\UnrealEditor-Cmd.exe" "C:\Users\admin\Desktop\Project\pipe_test\pipe_test.uproject" -game -MoviePipelineConfig="/Game/Cinematics/Queue\test\myRenderQueue_2" -windowed -Log -StdOut -allowStdOutLogVerbosity -Unattended
2024-11-12 18:34:39,458 - INFO - **************************************************
2024-11-12 18:34:39,458 - INFO - Processing: C:/Users/admin/Desktop/Project/pipe_test/Content/Cinematics/Queue\test\myRenderQueue_2.uasset
2024-11-12 18:34:39,458 - INFO - Generated CMD: "C:\Program Files\Epic Games\UE_5.4\Engine\Binaries\Win64\UnrealEditor-Cmd.exe" "C:\Users\admin\Desktop\Project\pipe_test\pipe_test.uproject" -game -MoviePipelineConfig="/Game/Cinematics/Queue\test\myRenderQueue_2" -windowed -Log -StdOut -allowStdOutLogVerbosity -Unattended
2024-11-12 18:34:39,459 - INFO - Executing command: "C:\Program Files\Epic Games\UE_5.4\Engine\Binaries\Win64\UnrealEditor-Cmd.exe" "C:\Users\admin\Desktop\Project\pipe_test\pipe_test.uproject" -game -MoviePipelineConfig="/Game/Cinematics/Queue\test\myRenderQueue_2" -windowed -Log -StdOut -allowStdOutLogVerbosity -Unattended
2024-11-12 18:34:52,508 - ERROR - Error occurred while executing the command: "C:\Program Files\Epic Games\UE_5.4\Engine\Binaries\Win64\UnrealEditor-Cmd.exe" "C:\Users\admin\Desktop\Project\pipe_test\pipe_test.uproject" -game -MoviePipelineConfig="/Game/Cinematics/Queue\test\myRenderQueue_2" -windowed -Log -StdOut -allowStdOutLogVerbosity -Unattended
2024-11-12 18:34:52,508 - ERROR - Return code: 3
2024-11-12 18:34:52,508 - ERROR - Output:
2024-11-12 18:34:52,508 - ERROR - None
2024-11-12 18:34:52,510 - INFO - Script execution finished
2024-11-12 18:36:26,767 - INFO - Starting script execution
2024-11-12 18:36:26,767 - INFO - Creating Shotgun session with script: hyo
2024-11-12 18:36:27,859 - INFO - Fetching software info for Unreal Engine Editor
2024-11-12 18:36:28,229 - INFO - Found software: Unreal Engine Editor
2024-11-12 18:36:28,229 - INFO - Fetching task info for task ID: 5849
2024-11-12 18:36:28,602 - INFO - Found uproject path: C:\Users\admin\Desktop\Project\pipe_test\pipe_test.uproject and movie pipeline config: /Game/Cinematics/Queue
2024-11-12 18:36:28,602 - INFO - Searching for .uasset files in C:/Users/admin/Desktop/Project/pipe_test/Content/Cinematics/Queue
2024-11-12 18:36:28,602 - INFO - Found .uasset: C:/Users/admin/Desktop/Project/pipe_test/Content/Cinematics/Queue\myRenderQueue.uasset
2024-11-12 18:36:28,602 - INFO - Found .uasset: C:/Users/admin/Desktop/Project/pipe_test/Content/Cinematics/Queue\test\myRenderQueue_2.uasset
2024-11-12 18:36:28,604 - ERROR - Error: Directory C:/Users/admin/Desktop/Project/pipe_test/Content/Cinematics/Queue does not exist.
2024-11-12 18:36:28,604 - INFO - Generated command: "C:\Program Files\Epic Games\UE_5.4\Engine\Binaries\Win64\UnrealEditor-Cmd.exe" "C:\Users\admin\Desktop\Project\pipe_test\pipe_test.uproject" -game -MoviePipelineConfig="/Game/Cinematics/Queue/myRenderQueue" -windowed -Log -StdOut -allowStdOutLogVerbosity -Unattended
2024-11-12 18:36:28,604 - INFO - **************************************************
2024-11-12 18:36:28,605 - INFO - Processing: C:/Users/admin/Desktop/Project/pipe_test/Content/Cinematics/Queue\myRenderQueue.uasset
2024-11-12 18:36:28,605 - INFO - Generated CMD: "C:\Program Files\Epic Games\UE_5.4\Engine\Binaries\Win64\UnrealEditor-Cmd.exe" "C:\Users\admin\Desktop\Project\pipe_test\pipe_test.uproject" -game -MoviePipelineConfig="/Game/Cinematics/Queue/myRenderQueue" -windowed -Log -StdOut -allowStdOutLogVerbosity -Unattended
2024-11-12 18:36:28,605 - INFO - Generated command: "C:\Program Files\Epic Games\UE_5.4\Engine\Binaries\Win64\UnrealEditor-Cmd.exe" "C:\Users\admin\Desktop\Project\pipe_test\pipe_test.uproject" -game -MoviePipelineConfig="/Game/Cinematics/Queue/test/myRenderQueue_2" -windowed -Log -StdOut -allowStdOutLogVerbosity -Unattended
2024-11-12 18:36:28,606 - INFO - **************************************************
2024-11-12 18:36:28,606 - INFO - Processing: C:/Users/admin/Desktop/Project/pipe_test/Content/Cinematics/Queue\test\myRenderQueue_2.uasset
2024-11-12 18:36:28,606 - INFO - Generated CMD: "C:\Program Files\Epic Games\UE_5.4\Engine\Binaries\Win64\UnrealEditor-Cmd.exe" "C:\Users\admin\Desktop\Project\pipe_test\pipe_test.uproject" -game -MoviePipelineConfig="/Game/Cinematics/Queue/test/myRenderQueue_2" -windowed -Log -StdOut -allowStdOutLogVerbosity -Unattended
2024-11-12 18:36:28,607 - INFO - Script execution finished
2024-11-12 18:36:37,498 - INFO - Starting script execution
2024-11-12 18:36:37,499 - INFO - Creating Shotgun session with script: hyo
2024-11-12 18:36:38,575 - INFO - Fetching software info for Unreal Engine Editor
2024-11-12 18:36:38,923 - INFO - Found software: Unreal Engine Editor
2024-11-12 18:36:38,924 - INFO - Fetching task info for task ID: 5849
2024-11-12 18:36:39,254 - INFO - Found uproject path: C:\Users\admin\Desktop\Project\pipe_test\pipe_test.uproject and movie pipeline config: /Game/Cinematics/Queue
2024-11-12 18:36:39,254 - INFO - Searching for .uasset files in C:/Users/admin/Desktop/Project/pipe_test/Content/Cinematics/Queue
2024-11-12 18:36:39,254 - INFO - Found .uasset: C:/Users/admin/Desktop/Project/pipe_test/Content/Cinematics/Queue\myRenderQueue.uasset
2024-11-12 18:36:39,254 - INFO - Found .uasset: C:/Users/admin/Desktop/Project/pipe_test/Content/Cinematics/Queue\test\myRenderQueue_2.uasset
2024-11-12 18:36:39,256 - ERROR - Error: Directory C:/Users/admin/Desktop/Project/pipe_test/Content/Cinematics/Queue does not exist.
2024-11-12 18:36:39,256 - INFO - Generated command: "C:\Program Files\Epic Games\UE_5.4\Engine\Binaries\Win64\UnrealEditor-Cmd.exe" "C:\Users\admin\Desktop\Project\pipe_test\pipe_test.uproject" -game -MoviePipelineConfig="/Game/Cinematics/Queue/myRenderQueue" -windowed -Log -StdOut -allowStdOutLogVerbosity -Unattended
2024-11-12 18:36:39,257 - INFO - **************************************************
2024-11-12 18:36:39,257 - INFO - Processing: C:/Users/admin/Desktop/Project/pipe_test/Content/Cinematics/Queue\myRenderQueue.uasset
2024-11-12 18:36:39,257 - INFO - Generated CMD: "C:\Program Files\Epic Games\UE_5.4\Engine\Binaries\Win64\UnrealEditor-Cmd.exe" "C:\Users\admin\Desktop\Project\pipe_test\pipe_test.uproject" -game -MoviePipelineConfig="/Game/Cinematics/Queue/myRenderQueue" -windowed -Log -StdOut -allowStdOutLogVerbosity -Unattended
2024-11-12 18:36:39,257 - INFO - Executing command: "C:\Program Files\Epic Games\UE_5.4\Engine\Binaries\Win64\UnrealEditor-Cmd.exe" "C:\Users\admin\Desktop\Project\pipe_test\pipe_test.uproject" -game -MoviePipelineConfig="/Game/Cinematics/Queue/myRenderQueue" -windowed -Log -StdOut -allowStdOutLogVerbosity -Unattended
2024-11-12 18:39:32,872 - INFO - Generated command: "C:\Program Files\Epic Games\UE_5.4\Engine\Binaries\Win64\UnrealEditor-Cmd.exe" "C:\Users\admin\Desktop\Project\pipe_test\pipe_test.uproject" -game -MoviePipelineConfig="/Game/Cinematics/Queue/test/myRenderQueue_2" -windowed -Log -StdOut -allowStdOutLogVerbosity -Unattended
2024-11-12 18:39:32,873 - INFO - **************************************************
2024-11-12 18:39:32,873 - INFO - Processing: C:/Users/admin/Desktop/Project/pipe_test/Content/Cinematics/Queue\test\myRenderQueue_2.uasset
2024-11-12 18:39:32,873 - INFO - Generated CMD: "C:\Program Files\Epic Games\UE_5.4\Engine\Binaries\Win64\UnrealEditor-Cmd.exe" "C:\Users\admin\Desktop\Project\pipe_test\pipe_test.uproject" -game -MoviePipelineConfig="/Game/Cinematics/Queue/test/myRenderQueue_2" -windowed -Log -StdOut -allowStdOutLogVerbosity -Unattended
2024-11-12 18:39:32,874 - INFO - Executing command: "C:\Program Files\Epic Games\UE_5.4\Engine\Binaries\Win64\UnrealEditor-Cmd.exe" "C:\Users\admin\Desktop\Project\pipe_test\pipe_test.uproject" -game -MoviePipelineConfig="/Game/Cinematics/Queue/test/myRenderQueue_2" -windowed -Log -StdOut -allowStdOutLogVerbosity -Unattended
2024-11-12 18:45:45,573 - INFO - Script execution finished
Starting script execution
Creating Shotgun session with script: hyo
Fetching software info for Unreal Engine Editor
Found software: Unreal Engine Editor
Fetching task info for task ID: 5849
Found uproject path: C:\Users\admin\Desktop\Project\pipe_test\pipe_test.uproject and movie pipeline config: /Game/Cinematics/Queue
Searching for .uasset files in C:/Users/admin/Desktop/Project/pipe_test/Content/Cinematics/Queue
Found .uasset: C:/Users/admin/Desktop/Project/pipe_test/Content/Cinematics/Queue\myRenderQueue.uasset
Found .uasset: C:/Users/admin/Desktop/Project/pipe_test/Content/Cinematics/Queue\test\myRenderQueue_2.uasset
Error: Directory C:/Users/admin/Desktop/Project/pipe_test/Content/Cinematics/Queue does not exist.
Generated command: "C:\Program Files\Epic Games\UE_5.4\Engine\Binaries\Win64\UnrealEditor-Cmd.exe" "C:\Users\admin\Desktop\Project\pipe_test\pipe_test.uproject" -game -MoviePipelineConfig="/Game/Cinematics/Queue/myRenderQueue" -windowed -Log -StdOut -allowStdOutLogVerbosity -Unattended
**************************************************
Processing: C:/Users/admin/Desktop/Project/pipe_test/Content/Cinematics/Queue\myRenderQueue.uasset
Generated CMD: "C:\Program Files\Epic Games\UE_5.4\Engine\Binaries\Win64\UnrealEditor-Cmd.exe" "C:\Users\admin\Desktop\Project\pipe_test\pipe_test.uproject" -game -MoviePipelineConfig="/Game/Cinematics/Queue/myRenderQueue" -windowed -Log -StdOut -allowStdOutLogVerbosity -Unattended
Executing command: "C:\Program Files\Epic Games\UE_5.4\Engine\Binaries\Win64\UnrealEditor-Cmd.exe" "C:\Users\admin\Desktop\Project\pipe_test\pipe_test.uproject" -game -MoviePipelineConfig="/Game/Cinematics/Queue/myRenderQueue" -windowed -Log -StdOut -allowStdOutLogVerbosity -Unattended
Error occurred while executing the command: "C:\Program Files\Epic Games\UE_5.4\Engine\Binaries\Win64\UnrealEditor-Cmd.exe" "C:\Users\admin\Desktop\Project\pipe_test\pipe_test.uproject" -game -MoviePipelineConfig="/Game/Cinematics/Queue/myRenderQueue" -windowed -Log -StdOut -allowStdOutLogVerbosity -Unattended
Return code: 3
Output:
None
Generated command: "C:\Program Files\Epic Games\UE_5.4\Engine\Binaries\Win64\UnrealEditor-Cmd.exe" "C:\Users\admin\Desktop\Project\pipe_test\pipe_test.uproject" -game -MoviePipelineConfig="/Game/Cinematics/Queue/test/myRenderQueue_2" -windowed -Log -StdOut -allowStdOutLogVerbosity -Unattended
**************************************************
Processing: C:/Users/admin/Desktop/Project/pipe_test/Content/Cinematics/Queue\test\myRenderQueue_2.uasset
Generated CMD: "C:\Program Files\Epic Games\UE_5.4\Engine\Binaries\Win64\UnrealEditor-Cmd.exe" "C:\Users\admin\Desktop\Project\pipe_test\pipe_test.uproject" -game -MoviePipelineConfig="/Game/Cinematics/Queue/test/myRenderQueue_2" -windowed -Log -StdOut -allowStdOutLogVerbosity -Unattended
Executing command: "C:\Program Files\Epic Games\UE_5.4\Engine\Binaries\Win64\UnrealEditor-Cmd.exe" "C:\Users\admin\Desktop\Project\pipe_test\pipe_test.uproject" -game -MoviePipelineConfig="/Game/Cinematics/Queue/test/myRenderQueue_2" -windowed -Log -StdOut -allowStdOutLogVerbosity -Unattended
